2025-04-23T11:12:53.763Z || GET /
2025-04-23T11:14:05.000Z || GET /
2025-04-23T11:14:05.000Z || GET / || Status: 200 || 3ms
2025-04-23T11:14:05.047Z || GET /index.css
2025-04-23T11:14:05.048Z || GET /images/candle-logo.png
2025-04-23T11:14:05.049Z || GET /index.js
2025-04-23T11:14:05.047Z || GET /index.css || Status: 200 || 4ms
2025-04-23T11:14:05.049Z || GET /index.js || Status: 200 || 2ms
2025-04-23T11:14:05.048Z || GET /images/candle-logo.png || Status: 200 || 4ms
2025-04-23T11:14:05.053Z || GET /api
2025-04-23T11:14:05.054Z || GET /images/ghostbg.jpg
2025-04-23T11:14:05.053Z || GET /api || Status: 200 || 2ms
2025-04-23T11:14:05.054Z || GET /images/ghostbg.jpg || Status: 200 || 2ms
2025-04-23T11:17:31.461Z || GET /
2025-04-23T11:17:31.461Z || GET / || Status: 200 || 6ms
2025-04-23T11:17:31.512Z || GET /index.css
2025-04-23T11:17:31.514Z || GET /images/candle-logo.png
2025-04-23T11:17:31.515Z || GET /index.js
2025-04-23T11:17:31.512Z || GET /index.css || Status: 200 || 4ms
2025-04-23T11:17:31.515Z || GET /index.js || Status: 200 || 2ms
2025-04-23T11:17:31.514Z || GET /images/candle-logo.png || Status: 200 || 3ms
2025-04-23T11:17:31.520Z || GET /images/ghostbg.jpg
2025-04-23T11:17:31.520Z || GET /images/ghostbg.jpg || Status: 200 || 7ms
2025-04-23T11:17:31.530Z || GET /api
2025-04-23T11:17:31.530Z || GET /api || Status: 200 || 3ms
2025-04-23T11:17:33.336Z || GET /sightings.html
2025-04-23T11:17:33.336Z || GET /sightings.html || Status: 200 || 0ms
2025-04-23T11:17:33.353Z || GET /index.css
2025-04-23T11:17:33.353Z || GET /images/candle-logo.png
2025-04-23T11:17:33.354Z || GET /index.js
2025-04-23T11:17:33.353Z || GET /index.css || Status: 200 || 4ms
2025-04-23T11:17:33.353Z || GET /images/candle-logo.png || Status: 200 || 5ms
2025-04-23T11:17:33.354Z || GET /index.js || Status: 200 || 4ms
2025-04-23T11:17:33.360Z || GET /images/ghostbg.jpg
2025-04-23T11:17:33.360Z || GET /images/ghostbg.jpg || Status: 200 || 0ms
2025-04-23T11:17:33.368Z || GET /api
2025-04-23T11:17:33.368Z || GET /api || Status: 200 || 4ms
2025-04-23T11:17:34.218Z || GET /upload-sighting.html
2025-04-23T11:17:34.218Z || GET /upload-sighting.html || Status: 200 || 1ms
2025-04-23T11:17:34.241Z || GET /index.css
2025-04-23T11:17:34.241Z || GET /index.css || Status: 200 || 1ms
2025-04-23T11:17:34.244Z || GET /images/candle-logo.png
2025-04-23T11:17:34.244Z || GET /upload-sighting.js
2025-04-23T11:17:34.244Z || GET /index.js
2025-04-23T11:17:34.244Z || GET /images/candle-logo.png || Status: 200 || 1ms
2025-04-23T11:17:34.244Z || GET /index.js || Status: 200 || 1ms
2025-04-23T11:17:34.244Z || GET /upload-sighting.js || Status: 200 || 2ms
2025-04-23T11:17:34.248Z || GET /api
2025-04-23T11:17:34.248Z || GET /api || Status: 200 || 1ms
2025-04-23T11:17:34.250Z || GET /images/ghostbg.jpg
2025-04-23T11:17:34.250Z || GET /images/ghostbg.jpg || Status: 200 || 1ms
2025-04-23T11:17:35.446Z || GET /
2025-04-23T11:17:35.446Z || GET / || Status: 200 || 3ms
2025-04-23T11:17:35.462Z || GET /index.css
2025-04-23T11:17:35.462Z || GET /images/candle-logo.png
2025-04-23T11:17:35.463Z || GET /index.js
2025-04-23T11:17:35.462Z || GET /index.css || Status: 200 || 1ms
2025-04-23T11:17:35.462Z || GET /images/candle-logo.png || Status: 200 || 1ms
2025-04-23T11:17:35.463Z || GET /index.js || Status: 200 || 0ms
2025-04-23T11:17:35.467Z || GET /api
2025-04-23T11:17:35.468Z || GET /images/ghostbg.jpg
2025-04-23T11:17:35.467Z || GET /api || Status: 200 || 2ms
2025-04-23T11:17:35.468Z || GET /images/ghostbg.jpg || Status: 200 || 1ms
2025-04-23T11:17:38.110Z || GET /sightings.html
2025-04-23T11:17:38.110Z || GET /sightings.html || Status: 200 || 1ms
2025-04-23T11:17:38.123Z || GET /index.css
2025-04-23T11:17:38.123Z || GET /index.css || Status: 200 || 1ms
2025-04-23T11:17:38.125Z || GET /images/candle-logo.png
2025-04-23T11:17:38.125Z || GET /index.js
2025-04-23T11:17:38.125Z || GET /images/candle-logo.png || Status: 200 || 1ms
2025-04-23T11:17:38.125Z || GET /index.js || Status: 200 || 1ms
2025-04-23T11:17:38.130Z || GET /api
2025-04-23T11:17:38.130Z || GET /images/ghostbg.jpg
2025-04-23T11:17:38.130Z || GET /api || Status: 200 || 2ms
2025-04-23T11:17:38.130Z || GET /images/ghostbg.jpg || Status: 200 || 2ms
2025-04-23T11:17:39.377Z || GET /upload-sighting.html
2025-04-23T11:17:39.377Z || GET /upload-sighting.html || Status: 200 || 1ms
2025-04-23T11:17:39.390Z || GET /index.css
2025-04-23T11:17:39.390Z || GET /index.css || Status: 200 || 0ms
2025-04-23T11:17:39.392Z || GET /images/candle-logo.png
2025-04-23T11:17:39.392Z || GET /upload-sighting.js
2025-04-23T11:17:39.393Z || GET /index.js
2025-04-23T11:17:39.392Z || GET /images/candle-logo.png || Status: 200 || 1ms
2025-04-23T11:17:39.393Z || GET /index.js || Status: 200 || 1ms
2025-04-23T11:17:39.392Z || GET /upload-sighting.js || Status: 200 || 2ms
2025-04-23T11:17:39.397Z || GET /images/ghostbg.jpg
2025-04-23T11:17:39.397Z || GET /images/ghostbg.jpg || Status: 200 || 1ms
2025-04-23T11:17:39.399Z || GET /api
2025-04-23T11:17:39.399Z || GET /api || Status: 200 || 1ms
2025-04-23T11:17:40.113Z || GET /
2025-04-23T11:17:40.113Z || GET / || Status: 200 || 1ms
2025-04-23T11:17:40.126Z || GET /index.css
2025-04-23T11:17:40.127Z || GET /images/candle-logo.png
2025-04-23T11:17:40.127Z || GET /index.js
2025-04-23T11:17:40.126Z || GET /index.css || Status: 200 || 2ms
2025-04-23T11:17:40.127Z || GET /index.js || Status: 200 || 1ms
2025-04-23T11:17:40.127Z || GET /images/candle-logo.png || Status: 200 || 2ms
2025-04-23T11:17:40.132Z || GET /images/ghostbg.jpg
2025-04-23T11:17:40.133Z || GET /api
2025-04-23T11:17:40.132Z || GET /images/ghostbg.jpg || Status: 200 || 1ms
2025-04-23T11:17:40.133Z || GET /api || Status: 200 || 2ms
2025-04-23T11:20:47.279Z || GET /
2025-04-23T11:20:47.279Z || GET / || Status: 200 || 4ms
2025-04-23T11:20:47.314Z || GET /index.css
2025-04-23T11:20:47.314Z || GET /images/candle-logo.png
2025-04-23T11:20:47.314Z || GET /index.css || Status: 200 || 1ms
2025-04-23T11:20:47.316Z || GET /index.js
2025-04-23T11:20:47.316Z || GET /index.js || Status: 200 || 0ms
2025-04-23T11:20:47.314Z || GET /images/candle-logo.png || Status: 200 || 3ms
2025-04-23T11:20:47.320Z || GET /api
2025-04-23T11:20:47.320Z || GET /images/ghostbg.jpg
2025-04-23T11:20:47.320Z || GET /api || Status: 200 || 2ms
2025-04-23T11:20:47.320Z || GET /images/ghostbg.jpg || Status: 200 || 3ms
2025-04-23T11:20:49.526Z || GET /sightings.html
2025-04-23T11:20:49.526Z || GET /sightings.html || Status: 200 || 1ms
2025-04-23T11:20:49.542Z || GET /index.css
2025-04-23T11:20:49.542Z || GET /index.css || Status: 200 || 2ms
2025-04-23T11:20:49.548Z || GET /images/candle-logo.png
2025-04-23T11:20:49.549Z || GET /index.js
2025-04-23T11:20:49.548Z || GET /images/candle-logo.png || Status: 200 || 1ms
2025-04-23T11:20:49.549Z || GET /index.js || Status: 200 || 1ms
2025-04-23T11:20:49.553Z || GET /images/ghostbg.jpg
2025-04-23T11:20:49.553Z || GET /api
2025-04-23T11:20:49.553Z || GET /api || Status: 200 || 1ms
2025-04-23T11:20:49.553Z || GET /images/ghostbg.jpg || Status: 200 || 2ms
2025-04-23T11:20:50.063Z || GET /upload-sighting.html
2025-04-23T11:20:50.063Z || GET /upload-sighting.html || Status: 200 || 2ms
2025-04-23T11:20:50.089Z || GET /index.css
2025-04-23T11:20:50.089Z || GET /images/candle-logo.png
2025-04-23T11:20:50.090Z || GET /upload-sighting.js
2025-04-23T11:20:50.090Z || GET /index.js
2025-04-23T11:20:50.089Z || GET /images/candle-logo.png || Status: 200 || 2ms
2025-04-23T11:20:50.089Z || GET /index.css || Status: 200 || 3ms
2025-04-23T11:20:50.090Z || GET /index.js || Status: 200 || 3ms
2025-04-23T11:20:50.090Z || GET /upload-sighting.js || Status: 200 || 3ms
2025-04-23T11:20:50.096Z || GET /api
2025-04-23T11:20:50.096Z || GET /api || Status: 200 || 1ms
2025-04-23T11:20:50.098Z || GET /images/ghostbg.jpg
2025-04-23T11:20:50.098Z || GET /images/ghostbg.jpg || Status: 200 || 1ms
2025-04-23T11:20:50.574Z || GET /
2025-04-23T11:20:50.574Z || GET / || Status: 200 || 1ms
2025-04-23T11:20:50.585Z || GET /index.css
2025-04-23T11:20:50.585Z || GET /index.css || Status: 200 || 1ms
2025-04-23T11:20:50.587Z || GET /images/candle-logo.png
2025-04-23T11:20:50.587Z || GET /index.js
2025-04-23T11:20:50.587Z || GET /images/candle-logo.png || Status: 200 || 1ms
2025-04-23T11:20:50.587Z || GET /index.js || Status: 200 || 1ms
2025-04-23T11:20:50.591Z || GET /images/ghostbg.jpg
2025-04-23T11:20:50.592Z || GET /api
2025-04-23T11:20:50.591Z || GET /images/ghostbg.jpg || Status: 200 || 2ms
2025-04-23T11:20:50.592Z || GET /api || Status: 200 || 3ms
2025-04-23T11:34:03.300Z || GET /
2025-04-23T11:34:03.300Z || GET / || Status: 200 || 1ms
2025-04-23T11:34:03.330Z || GET /index.css
2025-04-23T11:34:03.331Z || GET /images/candle-logo.png
2025-04-23T11:34:03.332Z || GET /index.js
2025-04-23T11:34:03.330Z || GET /index.css || Status: 200 || 2ms
2025-04-23T11:34:03.331Z || GET /images/candle-logo.png || Status: 200 || 2ms
2025-04-23T11:34:03.332Z || GET /index.js || Status: 200 || 1ms
2025-04-23T11:34:03.339Z || GET /images/ghostbg.jpg
2025-04-23T11:34:03.339Z || GET /images/ghostbg.jpg || Status: 200 || 1ms
2025-04-23T11:34:03.345Z || GET /api
2025-04-23T11:34:03.345Z || GET /api || Status: 200 || 1ms
2025-04-23T11:34:09.088Z || GET /sightings.html
2025-04-23T11:34:09.088Z || GET /sightings.html || Status: 200 || 3ms
2025-04-23T11:34:09.107Z || GET /index.css
2025-04-23T11:34:09.107Z || GET /images/candle-logo.png
2025-04-23T11:34:09.108Z || GET /index.js
2025-04-23T11:34:09.107Z || GET /index.css || Status: 200 || 2ms
2025-04-23T11:34:09.107Z || GET /images/candle-logo.png || Status: 200 || 2ms
2025-04-23T11:34:09.108Z || GET /index.js || Status: 200 || 2ms
2025-04-23T11:34:09.114Z || GET /api
2025-04-23T11:34:09.114Z || GET /images/ghostbg.jpg
2025-04-23T11:34:09.114Z || GET /api || Status: 200 || 1ms
2025-04-23T11:34:09.114Z || GET /images/ghostbg.jpg || Status: 200 || 1ms
2025-04-23T11:34:09.558Z || GET /upload-sighting.html
2025-04-23T11:34:09.558Z || GET /upload-sighting.html || Status: 200 || 1ms
2025-04-23T11:34:09.579Z || GET /index.css
2025-04-23T11:34:09.579Z || GET /images/candle-logo.png
2025-04-23T11:34:09.580Z || GET /upload-sighting.js
2025-04-23T11:34:09.581Z || GET /index.js
2025-04-23T11:34:09.579Z || GET /index.css || Status: 200 || 3ms
2025-04-23T11:34:09.579Z || GET /images/candle-logo.png || Status: 200 || 4ms
2025-04-23T11:34:09.580Z || GET /upload-sighting.js || Status: 200 || 3ms
2025-04-23T11:34:09.581Z || GET /index.js || Status: 200 || 2ms
2025-04-23T11:34:09.587Z || GET /images/ghostbg.jpg
2025-04-23T11:34:09.587Z || GET /images/ghostbg.jpg || Status: 200 || 1ms
2025-04-23T11:34:09.595Z || GET /api
2025-04-23T11:34:09.595Z || GET /api || Status: 200 || 1ms
2025-04-23T11:46:37.942Z || GET /
2025-04-23T11:46:37.942Z || GET / || Status: 200 || 3ms
2025-04-23T11:46:38.005Z || GET /index.css
2025-04-23T11:46:38.006Z || GET /images/candle-logo.png
2025-04-23T11:46:38.008Z || GET /index.js
2025-04-23T11:46:38.005Z || GET /index.css || Status: 200 || 5ms
2025-04-23T11:46:38.008Z || GET /index.js || Status: 200 || 2ms
2025-04-23T11:46:38.006Z || GET /images/candle-logo.png || Status: 200 || 4ms
2025-04-23T11:46:38.017Z || GET /images/ghostbg.jpg
2025-04-23T11:46:38.017Z || GET /images/ghostbg.jpg || Status: 200 || 1ms
2025-04-23T11:47:11.529Z || GET /sightings.html
2025-04-23T11:47:11.529Z || GET /sightings.html || Status: 200 || 3ms
2025-04-23T11:47:11.574Z || GET /index.css
2025-04-23T11:47:11.575Z || GET /images/candle-logo.png
2025-04-23T11:47:11.576Z || GET /index.js
2025-04-23T11:47:11.574Z || GET /index.css || Status: 200 || 3ms
2025-04-23T11:47:11.575Z || GET /images/candle-logo.png || Status: 200 || 4ms
2025-04-23T11:47:11.576Z || GET /index.js || Status: 200 || 4ms
2025-04-23T11:47:11.584Z || GET /images/ghostbg.jpg
2025-04-23T11:47:11.584Z || GET /images/ghostbg.jpg || Status: 200 || 2ms
2025-04-23T11:47:11.592Z || GET /api
2025-04-23T11:47:11.592Z || GET /api || Status: 200 || 0ms
2025-04-23T11:47:16.067Z || GET /upload-sighting.html
2025-04-23T11:47:16.067Z || GET /upload-sighting.html || Status: 200 || 1ms
2025-04-23T11:47:16.083Z || GET /index.css
2025-04-23T11:47:16.083Z || GET /index.css || Status: 200 || 1ms
2025-04-23T11:47:16.087Z || GET /images/candle-logo.png
2025-04-23T11:47:16.088Z || GET /upload-sighting.js
2025-04-23T11:47:16.088Z || GET /index.js
2025-04-23T11:47:16.090Z || GET /images/ghostbg.jpg
2025-04-23T11:47:16.087Z || GET /images/candle-logo.png || Status: 200 || 3ms
2025-04-23T11:47:16.088Z || GET /index.js || Status: 200 || 4ms
2025-04-23T11:47:16.088Z || GET /upload-sighting.js || Status: 200 || 4ms
2025-04-23T11:47:16.090Z || GET /images/ghostbg.jpg || Status: 200 || 4ms
2025-04-23T11:47:16.096Z || GET /api
2025-04-23T11:47:16.096Z || GET /api || Status: 200 || 0ms
2025-04-23T11:47:16.934Z || GET /sightings.html
2025-04-23T11:47:16.934Z || GET /sightings.html || Status: 200 || 1ms
2025-04-23T11:47:16.949Z || GET /index.css
2025-04-23T11:47:16.950Z || GET /images/candle-logo.png
2025-04-23T11:47:16.950Z || GET /index.js
2025-04-23T11:47:16.949Z || GET /index.css || Status: 200 || 2ms
2025-04-23T11:47:16.950Z || GET /index.js || Status: 200 || 2ms
2025-04-23T11:47:16.950Z || GET /images/candle-logo.png || Status: 200 || 1ms
2025-04-23T11:47:16.954Z || GET /images/ghostbg.jpg
2025-04-23T11:47:16.954Z || GET /images/ghostbg.jpg || Status: 200 || 1ms
2025-04-23T11:47:16.956Z || GET /api
2025-04-23T11:47:16.956Z || GET /api || Status: 200 || 1ms
2025-04-23T11:47:17.740Z || GET /
2025-04-23T11:47:17.740Z || GET / || Status: 200 || 2ms
2025-04-23T11:47:17.759Z || GET /index.css
2025-04-23T11:47:17.760Z || GET /images/candle-logo.png
2025-04-23T11:47:17.760Z || GET /index.js
2025-04-23T11:47:17.759Z || GET /index.css || Status: 200 || 2ms
2025-04-23T11:47:17.760Z || GET /images/candle-logo.png || Status: 200 || 1ms
2025-04-23T11:47:17.760Z || GET /index.js || Status: 200 || 2ms
2025-04-23T11:47:17.764Z || GET /images/ghostbg.jpg
2025-04-23T11:47:17.766Z || GET /api
2025-04-23T11:47:17.766Z || GET /api || Status: 200 || 0ms
2025-04-23T11:47:17.764Z || GET /images/ghostbg.jpg || Status: 200 || 3ms
2025-04-23T11:47:18.442Z || GET /sightings.html
2025-04-23T11:47:18.442Z || GET /sightings.html || Status: 200 || 1ms
2025-04-23T11:47:18.459Z || GET /index.css
2025-04-23T11:47:18.459Z || GET /images/candle-logo.png
2025-04-23T11:47:18.459Z || GET /index.js
2025-04-23T11:47:18.459Z || GET /index.css || Status: 200 || 1ms
2025-04-23T11:47:18.459Z || GET /images/candle-logo.png || Status: 200 || 1ms
2025-04-23T11:47:18.459Z || GET /index.js || Status: 200 || 1ms
2025-04-23T11:47:18.463Z || GET /images/ghostbg.jpg
2025-04-23T11:47:18.463Z || GET /images/ghostbg.jpg || Status: 200 || 1ms
2025-04-23T11:47:18.465Z || GET /api
2025-04-23T11:47:18.465Z || GET /api || Status: 200 || 0ms
2025-04-23T11:47:48.566Z || GET /index.css
2025-04-23T11:47:48.566Z || GET /index.css || Status: 200 || 2ms
2025-04-23T11:47:54.284Z || GET /sightings.html
2025-04-23T11:47:54.284Z || GET /sightings.html || Status: 200 || 2ms
2025-04-23T11:47:54.308Z || GET /index.css
2025-04-23T11:47:54.311Z || GET /images/candle-logo.png
2025-04-23T11:47:54.312Z || GET /index.js
2025-04-23T11:47:54.308Z || GET /index.css || Status: 200 || 6ms
2025-04-23T11:47:54.311Z || GET /images/candle-logo.png || Status: 200 || 3ms
2025-04-23T11:47:54.312Z || GET /index.js || Status: 200 || 3ms
2025-04-23T11:47:54.318Z || GET /images/ghostbg.jpg
2025-04-23T11:47:54.321Z || GET /api
2025-04-23T11:47:54.321Z || GET /api || Status: 200 || 0ms
2025-04-23T11:47:54.318Z || GET /images/ghostbg.jpg || Status: 200 || 5ms
2025-04-23T11:47:55.326Z || GET /upload-sighting.html
2025-04-23T11:47:55.326Z || GET /upload-sighting.html || Status: 200 || 2ms
2025-04-23T11:47:55.347Z || GET /index.css
2025-04-23T11:47:55.347Z || GET /images/candle-logo.png
2025-04-23T11:47:55.347Z || GET /index.css || Status: 200 || 1ms
2025-04-23T11:47:55.349Z || GET /upload-sighting.js
2025-04-23T11:47:55.349Z || GET /index.js
2025-04-23T11:47:55.347Z || GET /images/candle-logo.png || Status: 200 || 2ms
2025-04-23T11:47:55.349Z || GET /index.js || Status: 200 || 1ms
2025-04-23T11:47:55.349Z || GET /upload-sighting.js || Status: 200 || 1ms
2025-04-23T11:47:55.358Z || GET /api
2025-04-23T11:47:55.358Z || GET /api || Status: 200 || 0ms
2025-04-23T11:47:55.359Z || GET /images/ghostbg.jpg
2025-04-23T11:47:55.359Z || GET /images/ghostbg.jpg || Status: 200 || 2ms
2025-04-23T11:47:56.380Z || GET /sightings.html
2025-04-23T11:47:56.380Z || GET /sightings.html || Status: 200 || 2ms
2025-04-23T11:47:56.400Z || GET /index.css
2025-04-23T11:47:56.402Z || GET /images/candle-logo.png
2025-04-23T11:47:56.402Z || GET /index.js
2025-04-23T11:47:56.400Z || GET /index.css || Status: 200 || 2ms
2025-04-23T11:47:56.402Z || GET /images/candle-logo.png || Status: 200 || 0ms
2025-04-23T11:47:56.402Z || GET /index.js || Status: 200 || 1ms
2025-04-23T11:47:56.408Z || GET /api
2025-04-23T11:47:56.408Z || GET /api || Status: 200 || 1ms
2025-04-23T11:47:56.410Z || GET /images/ghostbg.jpg
2025-04-23T11:47:56.410Z || GET /images/ghostbg.jpg || Status: 200 || 3ms
2025-04-23T11:58:51.711Z || GET /upload-sighting.html
2025-04-23T11:58:51.711Z || GET /upload-sighting.html || Status: 200 || 4ms
2025-04-23T11:58:51.745Z || GET /index.css
2025-04-23T11:58:51.746Z || GET /images/candle-logo.png
2025-04-23T11:58:51.747Z || GET /upload-sighting.js
2025-04-23T11:58:51.747Z || GET /index.js
2025-04-23T11:58:51.745Z || GET /index.css || Status: 200 || 2ms
2025-04-23T11:58:51.746Z || GET /images/candle-logo.png || Status: 200 || 2ms
2025-04-23T11:58:51.747Z || GET /index.js || Status: 200 || 1ms
2025-04-23T11:58:51.747Z || GET /upload-sighting.js || Status: 200 || 2ms
2025-04-23T11:58:51.753Z || GET /images/ghostbg.jpg
2025-04-23T11:58:51.753Z || GET /images/ghostbg.jpg || Status: 200 || 2ms
2025-04-23T11:58:51.761Z || GET /api
2025-04-23T11:58:51.761Z || GET /api || Status: 200 || 2ms
2025-04-23T12:00:24.987Z || GET /
2025-04-23T12:00:24.987Z || GET / || Status: 200 || 4ms
2025-04-23T12:00:25.052Z || GET /index.css
2025-04-23T12:00:25.053Z || GET /images/candle-logo.png
2025-04-23T12:00:25.055Z || GET /index.js
2025-04-23T12:00:25.052Z || GET /index.css || Status: 200 || 4ms
2025-04-23T12:00:25.053Z || GET /images/candle-logo.png || Status: 200 || 3ms
2025-04-23T12:00:25.055Z || GET /index.js || Status: 200 || 2ms
2025-04-23T12:00:25.059Z || GET /api
2025-04-23T12:00:25.059Z || GET /api || Status: 200 || 1ms
2025-04-23T12:20:27.307Z || GET /
2025-04-23T12:20:27.307Z || GET / || Status: 200 || 3ms
2025-04-23T12:20:27.327Z || GET /index.css
2025-04-23T12:20:27.328Z || GET /images/candle-logo.png
2025-04-23T12:20:27.329Z || GET /index.js
2025-04-23T12:20:27.327Z || GET /index.css || Status: 200 || 4ms
2025-04-23T12:20:27.328Z || GET /images/candle-logo.png || Status: 200 || 3ms
2025-04-23T12:20:27.329Z || GET /index.js || Status: 200 || 3ms
2025-04-23T12:20:27.334Z || GET /images/ghostbg.jpg
2025-04-23T12:20:27.337Z || GET /api
2025-04-23T12:20:27.334Z || GET /images/ghostbg.jpg || Status: 200 || 5ms
2025-04-23T12:20:27.337Z || GET /api || Status: 200 || 6ms
2025-04-23T12:23:05.982Z || GET /sightings.html
2025-04-23T12:23:05.982Z || GET /sightings.html || Status: 200 || 3ms
2025-04-23T12:23:06.030Z || GET /index.css
2025-04-23T12:23:06.031Z || GET /images/candle-logo.png
2025-04-23T12:23:06.035Z || GET /index.js
2025-04-23T12:23:06.030Z || GET /index.css || Status: 200 || 7ms
2025-04-23T12:23:06.035Z || GET /index.js || Status: 200 || 2ms
2025-04-23T12:23:06.031Z || GET /images/candle-logo.png || Status: 200 || 6ms
2025-04-23T12:23:06.040Z || GET /api
2025-04-23T12:23:06.041Z || GET /images/ghostbg.jpg
2025-04-23T12:23:06.040Z || GET /api || Status: 200 || 2ms
2025-04-23T12:23:06.041Z || GET /images/ghostbg.jpg || Status: 200 || 2ms
2025-04-23T12:23:44.681Z || GET /sightings.html
2025-04-23T12:23:44.681Z || GET /sightings.html || Status: 200 || 5ms
2025-04-23T12:23:44.705Z || GET /index.css
2025-04-23T12:23:44.706Z || GET /images/candle-logo.png
2025-04-23T12:23:44.706Z || GET /index.js
2025-04-23T12:23:44.705Z || GET /index.css || Status: 200 || 2ms
2025-04-23T12:23:44.706Z || GET /index.js || Status: 200 || 2ms
2025-04-23T12:23:44.706Z || GET /images/candle-logo.png || Status: 200 || 3ms
2025-04-23T12:23:44.711Z || GET /api
2025-04-23T12:23:44.711Z || GET /images/ghostbg.jpg
2025-04-23T12:23:44.711Z || GET /api || Status: 200 || 2ms
2025-04-23T12:23:44.711Z || GET /images/ghostbg.jpg || Status: 200 || 3ms
2025-04-23T12:26:18.841Z || GET /upload-sighting.html
2025-04-23T12:26:18.841Z || GET /upload-sighting.html || Status: 200 || 2ms
2025-04-23T12:26:18.869Z || GET /index.css
2025-04-23T12:26:18.869Z || GET /images/candle-logo.png
2025-04-23T12:26:18.871Z || GET /upload-sighting.js
2025-04-23T12:26:18.872Z || GET /index.js
2025-04-23T12:26:18.869Z || GET /index.css || Status: 200 || 3ms
2025-04-23T12:26:18.869Z || GET /images/candle-logo.png || Status: 200 || 4ms
2025-04-23T12:26:18.871Z || GET /upload-sighting.js || Status: 200 || 3ms
2025-04-23T12:26:18.872Z || GET /index.js || Status: 200 || 3ms
2025-04-23T12:26:18.877Z || GET /api
2025-04-23T12:26:18.877Z || GET /api || Status: 200 || 0ms
2025-04-23T12:26:18.879Z || GET /images/ghostbg.jpg
2025-04-23T12:26:18.879Z || GET /images/ghostbg.jpg || Status: 200 || 1ms
2025-04-23T12:26:49.982Z || POST /api/submit
[ERROR] 2025-04-23T12:26:49.982Z || POST /api/submit || Status: 404 || 6ms
2025-04-23T12:28:00.481Z || POST /api/submit
[ERROR] 2025-04-23T12:28:00.481Z || POST /api/submit || Status: 404 || 6ms
2025-04-23T12:28:51.271Z || POST /api/submit
[ERROR] 2025-04-23T12:28:51.271Z || POST /api/submit || Status: 404 || 5ms
2025-04-23T12:28:56.419Z || GET /upload-sighting.html
2025-04-23T12:28:56.419Z || GET /upload-sighting.html || Status: 200 || 1ms
2025-04-23T12:28:56.444Z || GET /index.css
2025-04-23T12:28:56.446Z || GET /images/candle-logo.png
2025-04-23T12:28:56.447Z || GET /upload-sighting.js
2025-04-23T12:28:56.447Z || GET /index.js
2025-04-23T12:28:56.444Z || GET /index.css || Status: 200 || 3ms
2025-04-23T12:28:56.446Z || GET /images/candle-logo.png || Status: 200 || 2ms
2025-04-23T12:28:56.447Z || GET /upload-sighting.js || Status: 200 || 1ms
2025-04-23T12:28:56.447Z || GET /index.js || Status: 200 || 1ms
2025-04-23T12:28:56.451Z || GET /images/ghostbg.jpg
2025-04-23T12:28:56.451Z || GET /images/ghostbg.jpg || Status: 200 || 2ms
2025-04-23T12:28:56.456Z || GET /api
2025-04-23T12:28:56.456Z || GET /api || Status: 200 || 1ms
2025-04-23T12:29:00.985Z || POST /api/submit
[ERROR] 2025-04-23T12:29:00.985Z || POST /api/submit || Status: 404 || 2ms
2025-04-23T12:29:49.238Z || POST /api/submit
[ERROR] 2025-04-23T12:29:49.238Z || POST /api/submit || Status: 404 || 4ms
2025-04-23T12:30:10.352Z || POST /api/submit
[ERROR] 2025-04-23T12:30:10.352Z || POST /api/submit || Status: 404 || 5ms
2025-04-23T12:30:37.029Z || POST /api/submit
[ERROR] 2025-04-23T12:30:37.029Z || POST /api/submit || Status: 404 || 5ms
2025-04-23T12:30:46.397Z || GET /upload-sighting.html
2025-04-23T12:30:46.397Z || GET /upload-sighting.html || Status: 200 || 2ms
2025-04-23T12:30:46.424Z || GET /index.css
2025-04-23T12:30:46.425Z || GET /images/candle-logo.png
2025-04-23T12:30:46.426Z || GET /upload-sighting.js
2025-04-23T12:30:46.426Z || GET /index.js
2025-04-23T12:30:46.424Z || GET /index.css || Status: 200 || 2ms
2025-04-23T12:30:46.425Z || GET /images/candle-logo.png || Status: 200 || 2ms
2025-04-23T12:30:46.426Z || GET /upload-sighting.js || Status: 200 || 1ms
2025-04-23T12:30:46.426Z || GET /index.js || Status: 200 || 2ms
2025-04-23T12:30:46.430Z || GET /images/ghostbg.jpg
2025-04-23T12:30:46.434Z || GET /api
2025-04-23T12:30:46.430Z || GET /images/ghostbg.jpg || Status: 200 || 9ms
2025-04-23T12:30:46.434Z || GET /api || Status: 200 || 8ms
2025-04-23T12:30:47.732Z || POST /api
2025-04-23T12:30:47.732Z || POST /api || Status: 201 || 9ms
2025-04-23T12:31:15.418Z || POST /api
2025-04-23T12:31:15.418Z || POST /api || Status: 201 || 9ms
2025-04-23T12:31:16.831Z || GET /sightings.html
2025-04-23T12:31:16.831Z || GET /sightings.html || Status: 200 || 13ms
2025-04-23T12:31:16.862Z || GET /index.css
2025-04-23T12:31:16.863Z || GET /images/candle-logo.png
2025-04-23T12:31:16.865Z || GET /index.js
2025-04-23T12:31:16.862Z || GET /index.css || Status: 200 || 3ms
2025-04-23T12:31:16.863Z || GET /images/candle-logo.png || Status: 200 || 3ms
2025-04-23T12:31:16.865Z || GET /index.js || Status: 200 || 1ms
2025-04-23T12:31:16.869Z || GET /api
2025-04-23T12:31:16.870Z || GET /images/ghostbg.jpg
2025-04-23T12:31:16.869Z || GET /api || Status: 200 || 1ms
2025-04-23T12:31:16.870Z || GET /images/ghostbg.jpg || Status: 200 || 1ms
2025-04-23T12:34:11.045Z || GET /sightings.html
2025-04-23T12:34:11.045Z || GET /sightings.html || Status: 200 || 2ms
2025-04-23T12:34:11.073Z || GET /index.css
2025-04-23T12:34:11.074Z || GET /images/candle-logo.png
2025-04-23T12:34:11.075Z || GET /index.js
2025-04-23T12:34:11.073Z || GET /index.css || Status: 200 || 3ms
2025-04-23T12:34:11.074Z || GET /images/candle-logo.png || Status: 200 || 2ms
2025-04-23T12:34:11.075Z || GET /index.js || Status: 200 || 5ms
2025-04-23T12:34:11.096Z || GET /images/ghostbg.jpg
2025-04-23T12:34:11.097Z || GET /api
2025-04-23T12:34:11.097Z || GET /api || Status: 200 || 2ms
2025-04-23T12:34:11.096Z || GET /images/ghostbg.jpg || Status: 200 || 3ms
2025-04-23T12:35:49.788Z || GET /sightings.html
2025-04-23T12:35:49.788Z || GET /sightings.html || Status: 200 || 3ms
2025-04-23T12:35:49.817Z || GET /index.css
2025-04-23T12:35:49.818Z || GET /images/candle-logo.png
2025-04-23T12:35:49.819Z || GET /index.js
2025-04-23T12:35:49.817Z || GET /index.css || Status: 200 || 2ms
2025-04-23T12:35:49.818Z || GET /images/candle-logo.png || Status: 200 || 1ms
2025-04-23T12:35:49.819Z || GET /index.js || Status: 200 || 0ms
2025-04-23T12:35:49.822Z || GET /images/ghostbg.jpg
2025-04-23T12:35:49.822Z || GET /images/ghostbg.jpg || Status: 200 || 1ms
2025-04-23T12:35:49.835Z || GET /api
2025-04-23T12:35:49.835Z || GET /api || Status: 200 || 2ms
2025-04-23T12:36:16.859Z || GET /sightings.html
2025-04-23T12:36:16.859Z || GET /sightings.html || Status: 200 || 3ms
2025-04-23T12:36:16.896Z || GET /index.css
2025-04-23T12:36:16.898Z || GET /images/candle-logo.png
2025-04-23T12:36:16.898Z || GET /index.js
2025-04-23T12:36:16.896Z || GET /index.css || Status: 200 || 2ms
2025-04-23T12:36:16.898Z || GET /images/candle-logo.png || Status: 200 || 1ms
2025-04-23T12:36:16.898Z || GET /index.js || Status: 200 || 1ms
2025-04-23T12:36:16.907Z || GET /api
2025-04-23T12:36:16.909Z || GET /images/ghostbg.jpg
2025-04-23T12:36:16.907Z || GET /api || Status: 200 || 3ms
2025-04-23T12:36:16.909Z || GET /images/ghostbg.jpg || Status: 200 || 7ms
2025-04-23T12:36:32.697Z || GET /sightings.html
2025-04-23T12:36:32.697Z || GET /sightings.html || Status: 200 || 1ms
2025-04-23T12:36:32.712Z || GET /index.css
2025-04-23T12:36:32.713Z || GET /images/candle-logo.png
2025-04-23T12:36:32.713Z || GET /index.js
2025-04-23T12:36:32.712Z || GET /index.css || Status: 200 || 2ms
2025-04-23T12:36:32.713Z || GET /index.js || Status: 200 || 1ms
2025-04-23T12:36:32.713Z || GET /images/candle-logo.png || Status: 200 || 1ms
2025-04-23T12:36:32.716Z || GET /images/ghostbg.jpg
2025-04-23T12:36:32.718Z || GET /api
2025-04-23T12:36:32.718Z || GET /api || Status: 200 || 1ms
2025-04-23T12:36:32.716Z || GET /images/ghostbg.jpg || Status: 200 || 4ms
2025-04-23T12:36:44.267Z || GET /sightings.html
2025-04-23T12:36:44.267Z || GET /sightings.html || Status: 200 || 2ms
2025-04-23T12:36:44.294Z || GET /index.css
2025-04-23T12:36:44.295Z || GET /images/candle-logo.png
2025-04-23T12:36:44.295Z || GET /index.js
2025-04-23T12:36:44.294Z || GET /index.css || Status: 200 || 1ms
2025-04-23T12:36:44.295Z || GET /images/candle-logo.png || Status: 200 || 1ms
2025-04-23T12:36:44.295Z || GET /index.js || Status: 200 || 1ms
2025-04-23T12:36:44.299Z || GET /images/ghostbg.jpg
2025-04-23T12:36:44.299Z || GET /images/ghostbg.jpg || Status: 200 || 1ms
2025-04-23T12:36:44.301Z || GET /api
2025-04-23T12:36:44.301Z || GET /api || Status: 200 || 19ms
2025-04-23T12:53:16.223Z || GET /sightings.html
2025-04-23T12:53:16.223Z || GET /sightings.html || Status: 200 || 9ms
2025-04-23T12:53:16.264Z || GET /index.css
2025-04-23T12:53:16.265Z || GET /images/candle-logo.png
2025-04-23T12:53:16.265Z || GET /index.js
2025-04-23T12:53:16.264Z || GET /index.css || Status: 200 || 2ms
2025-04-23T12:53:16.265Z || GET /index.js || Status: 200 || 1ms
2025-04-23T12:53:16.265Z || GET /images/candle-logo.png || Status: 200 || 2ms
2025-04-23T12:53:16.269Z || GET /api
2025-04-23T12:53:16.269Z || GET /images/ghostbg.jpg
2025-04-23T12:53:16.269Z || GET /api || Status: 200 || 1ms
2025-04-23T12:53:16.269Z || GET /images/ghostbg.jpg || Status: 200 || 2ms
2025-04-23T12:53:17.805Z || GET /upload-sighting.html
2025-04-23T12:53:17.805Z || GET /upload-sighting.html || Status: 200 || 3ms
2025-04-23T12:53:17.839Z || GET /index.css
2025-04-23T12:53:17.839Z || GET /images/candle-logo.png
2025-04-23T12:53:17.840Z || GET /upload-sighting.js
2025-04-23T12:53:17.840Z || GET /index.js
2025-04-23T12:53:17.839Z || GET /index.css || Status: 200 || 2ms
2025-04-23T12:53:17.839Z || GET /images/candle-logo.png || Status: 200 || 3ms
2025-04-23T12:53:17.840Z || GET /upload-sighting.js || Status: 200 || 3ms
2025-04-23T12:53:17.840Z || GET /index.js || Status: 200 || 4ms
2025-04-23T12:53:17.846Z || GET /images/ghostbg.jpg
2025-04-23T12:53:17.846Z || GET /images/ghostbg.jpg || Status: 200 || 0ms
2025-04-23T12:53:17.855Z || GET /api
2025-04-23T12:53:17.855Z || GET /api || Status: 200 || 1ms
2025-04-23T12:54:05.804Z || GET /upload-sighting.html
2025-04-23T12:54:05.804Z || GET /upload-sighting.html || Status: 200 || 3ms
2025-04-23T12:54:05.826Z || GET /index.css
2025-04-23T12:54:05.826Z || GET /index.css || Status: 200 || 1ms
2025-04-23T12:54:05.827Z || GET /images/candle-logo.png
2025-04-23T12:54:05.829Z || GET /upload-sighting.js
2025-04-23T12:54:05.830Z || GET /index.js
2025-04-23T12:54:05.827Z || GET /images/candle-logo.png || Status: 200 || 4ms
2025-04-23T12:54:05.831Z || GET /images/ghostbg.jpg
2025-04-23T12:54:05.829Z || GET /upload-sighting.js || Status: 200 || 3ms
2025-04-23T12:54:05.830Z || GET /index.js || Status: 200 || 3ms
2025-04-23T12:54:05.831Z || GET /images/ghostbg.jpg || Status: 200 || 3ms
2025-04-23T12:54:05.839Z || GET /api
2025-04-23T12:54:05.839Z || GET /api || Status: 200 || 3ms
2025-04-23T12:56:27.287Z || POST /api
2025-04-23T12:56:27.287Z || POST /api || Status: 201 || 7ms
2025-04-23T12:56:28.726Z || GET /sightings.html
2025-04-23T12:56:28.726Z || GET /sightings.html || Status: 200 || 4ms
2025-04-23T12:56:28.757Z || GET /index.css
2025-04-23T12:56:28.757Z || GET /index.css || Status: 200 || 1ms
2025-04-23T12:56:28.760Z || GET /images/candle-logo.png
2025-04-23T12:56:28.761Z || GET /index.js
2025-04-23T12:56:28.761Z || GET /index.js || Status: 200 || 1ms
2025-04-23T12:56:28.760Z || GET /images/candle-logo.png || Status: 200 || 2ms
2025-04-23T12:56:28.767Z || GET /api
2025-04-23T12:56:28.768Z || GET /images/ghostbg.jpg
2025-04-23T12:56:28.767Z || GET /api || Status: 200 || 2ms
2025-04-23T12:56:28.768Z || GET /images/ghostbg.jpg || Status: 200 || 2ms
2025-04-23T12:56:58.651Z || GET /sightings.html
2025-04-23T12:56:58.651Z || GET /sightings.html || Status: 200 || 5ms
2025-04-23T12:56:58.682Z || GET /index.css
2025-04-23T12:56:58.682Z || GET /index.css || Status: 200 || 2ms
2025-04-23T12:56:58.684Z || GET /images/candle-logo.png
2025-04-23T12:56:58.686Z || GET /index.js
2025-04-23T12:56:58.684Z || GET /images/candle-logo.png || Status: 200 || 2ms
2025-04-23T12:56:58.686Z || GET /index.js || Status: 200 || 2ms
2025-04-23T12:56:58.689Z || GET /images/ghostbg.jpg
2025-04-23T12:56:58.691Z || GET /api
2025-04-23T12:56:58.691Z || GET /api || Status: 200 || 7ms
2025-04-23T12:56:58.689Z || GET /images/ghostbg.jpg || Status: 200 || 13ms
2025-04-23T12:56:59.863Z || GET /upload-sighting.html
2025-04-23T12:56:59.863Z || GET /upload-sighting.html || Status: 200 || 2ms
2025-04-23T12:56:59.893Z || GET /index.css
2025-04-23T12:56:59.896Z || GET /upload-sighting.js
2025-04-23T12:56:59.895Z || GET /images/candle-logo.png
2025-04-23T12:56:59.900Z || GET /index.js
2025-04-23T12:56:59.895Z || GET /images/candle-logo.png || Status: 200 || 6ms
2025-04-23T12:56:59.893Z || GET /index.css || Status: 200 || 9ms
2025-04-23T12:56:59.896Z || GET /upload-sighting.js || Status: 200 || 7ms
2025-04-23T12:56:59.900Z || GET /index.js || Status: 200 || 4ms
2025-04-23T12:56:59.906Z || GET /api
2025-04-23T12:56:59.906Z || GET /images/ghostbg.jpg
2025-04-23T12:56:59.906Z || GET /api || Status: 200 || 1ms
2025-04-23T12:56:59.906Z || GET /images/ghostbg.jpg || Status: 200 || 4ms
2025-04-23T12:57:09.764Z || POST /api
2025-04-23T12:57:09.764Z || POST /api || Status: 201 || 5ms
2025-04-23T12:57:23.449Z || GET /upload-sighting.html
2025-04-23T12:57:23.449Z || GET /upload-sighting.html || Status: 200 || 3ms
2025-04-23T12:57:23.480Z || GET /index.css
2025-04-23T12:57:23.481Z || GET /images/candle-logo.png
2025-04-23T12:57:23.482Z || GET /upload-sighting.js
2025-04-23T12:57:23.483Z || GET /index.js
2025-04-23T12:57:23.480Z || GET /index.css || Status: 200 || 3ms
2025-04-23T12:57:23.481Z || GET /images/candle-logo.png || Status: 200 || 3ms
2025-04-23T12:57:23.482Z || GET /upload-sighting.js || Status: 200 || 3ms
2025-04-23T12:57:23.483Z || GET /index.js || Status: 200 || 2ms
2025-04-23T12:57:23.487Z || GET /images/ghostbg.jpg
2025-04-23T12:57:23.494Z || GET /api
2025-04-23T12:57:23.487Z || GET /images/ghostbg.jpg || Status: 200 || 8ms
2025-04-23T12:57:23.494Z || GET /api || Status: 200 || 7ms
2025-04-23T12:57:32.572Z || POST /api
2025-04-23T12:57:32.572Z || POST /api || Status: 201 || 6ms
2025-04-23T12:58:35.697Z || GET /upload-sighting.html
2025-04-23T12:58:35.697Z || GET /upload-sighting.html || Status: 200 || 4ms
2025-04-23T12:58:35.724Z || GET /index.css
2025-04-23T12:58:35.724Z || GET /index.css || Status: 200 || 2ms
2025-04-23T12:58:35.727Z || GET /images/candle-logo.png
2025-04-23T12:58:35.728Z || GET /upload-sighting.js
2025-04-23T12:58:35.728Z || GET /index.js
2025-04-23T12:58:35.727Z || GET /images/candle-logo.png || Status: 200 || 2ms
2025-04-23T12:58:35.728Z || GET /upload-sighting.js || Status: 200 || 3ms
2025-04-23T12:58:35.735Z || GET /images/ghostbg.jpg
2025-04-23T12:58:35.728Z || GET /index.js || Status: 200 || 8ms
2025-04-23T12:58:35.735Z || GET /images/ghostbg.jpg || Status: 200 || 3ms
2025-04-23T12:58:35.739Z || GET /api
2025-04-23T12:58:35.739Z || GET /api || Status: 200 || 6ms
2025-04-23T12:58:48.696Z || POST /api
2025-04-23T12:58:48.696Z || POST /api || Status: 201 || 6ms
2025-04-23T13:03:20.043Z || GET /sightings.html
2025-04-23T13:03:20.043Z || GET /sightings.html || Status: 200 || 10ms
2025-04-23T13:03:20.068Z || GET /index.css
2025-04-23T13:03:20.068Z || GET /images/candle-logo.png
2025-04-23T13:03:20.069Z || GET /index.js
2025-04-23T13:03:20.068Z || GET /index.css || Status: 200 || 2ms
2025-04-23T13:03:20.068Z || GET /images/candle-logo.png || Status: 200 || 2ms
2025-04-23T13:03:20.069Z || GET /index.js || Status: 200 || 2ms
2025-04-23T13:03:20.073Z || GET /images/ghostbg.jpg
2025-04-23T13:03:20.073Z || GET /images/ghostbg.jpg || Status: 200 || 5ms
2025-04-23T13:03:20.081Z || GET /api
2025-04-23T13:03:20.081Z || GET /api || Status: 200 || 2ms
2025-04-23T13:03:21.267Z || GET /upload-sighting.html
2025-04-23T13:03:21.267Z || GET /upload-sighting.html || Status: 200 || 2ms
2025-04-23T13:03:21.281Z || GET /index.css
2025-04-23T13:03:21.281Z || GET /index.css || Status: 200 || 1ms
2025-04-23T13:03:21.286Z || GET /images/candle-logo.png
2025-04-23T13:03:21.287Z || GET /upload-sighting.js
2025-04-23T13:03:21.287Z || GET /index.js
2025-04-23T13:03:21.286Z || GET /images/candle-logo.png || Status: 200 || 2ms
2025-04-23T13:03:21.287Z || GET /index.js || Status: 200 || 2ms
2025-04-23T13:03:21.287Z || GET /upload-sighting.js || Status: 200 || 2ms
2025-04-23T13:03:21.291Z || GET /api
2025-04-23T13:03:21.291Z || GET /images/ghostbg.jpg
2025-04-23T13:03:21.291Z || GET /api || Status: 200 || 0ms
2025-04-23T13:03:21.291Z || GET /images/ghostbg.jpg || Status: 200 || 1ms
2025-04-23T13:03:30.631Z || POST /api
2025-04-23T13:03:30.631Z || POST /api || Status: 201 || 6ms
2025-04-23T13:03:32.089Z || GET /sightings.html
2025-04-23T13:03:32.089Z || GET /sightings.html || Status: 200 || 2ms
2025-04-23T13:03:32.104Z || GET /index.css
2025-04-23T13:03:32.104Z || GET /images/candle-logo.png
2025-04-23T13:03:32.105Z || GET /index.js
2025-04-23T13:03:32.104Z || GET /index.css || Status: 200 || 1ms
2025-04-23T13:03:32.104Z || GET /images/candle-logo.png || Status: 200 || 2ms
2025-04-23T13:03:32.105Z || GET /index.js || Status: 200 || 1ms
2025-04-23T13:03:32.108Z || GET /images/ghostbg.jpg
2025-04-23T13:03:32.109Z || GET /api
2025-04-23T13:03:32.108Z || GET /images/ghostbg.jpg || Status: 200 || 2ms
2025-04-23T13:03:32.109Z || GET /api || Status: 200 || 3ms
2025-04-23T13:03:53.771Z || GET /sightings.html
2025-04-23T13:03:53.771Z || GET /sightings.html || Status: 200 || 3ms
2025-04-23T13:03:53.789Z || GET /index.css
2025-04-23T13:03:53.790Z || GET /images/candle-logo.png
2025-04-23T13:03:53.791Z || GET /index.js
2025-04-23T13:03:53.789Z || GET /index.css || Status: 200 || 2ms
2025-04-23T13:03:53.790Z || GET /images/candle-logo.png || Status: 200 || 1ms
2025-04-23T13:03:53.791Z || GET /index.js || Status: 200 || 1ms
2025-04-23T13:03:53.794Z || GET /images/ghostbg.jpg
2025-04-23T13:03:53.796Z || GET /api
2025-04-23T13:03:53.794Z || GET /images/ghostbg.jpg || Status: 200 || 3ms
2025-04-23T13:03:53.796Z || GET /api || Status: 200 || 1ms
2025-04-23T13:03:56.984Z || GET /upload-sighting.html
2025-04-23T13:03:56.984Z || GET /upload-sighting.html || Status: 200 || 2ms
2025-04-23T13:03:57.009Z || GET /index.css
2025-04-23T13:03:57.009Z || GET /index.css || Status: 200 || 1ms
2025-04-23T13:03:57.012Z || GET /images/candle-logo.png
2025-04-23T13:03:57.012Z || GET /upload-sighting.js
2025-04-23T13:03:57.013Z || GET /index.js
2025-04-23T13:03:57.012Z || GET /images/candle-logo.png || Status: 200 || 1ms
2025-04-23T13:03:57.013Z || GET /index.js || Status: 200 || 1ms
2025-04-23T13:03:57.012Z || GET /upload-sighting.js || Status: 200 || 3ms
2025-04-23T13:03:57.017Z || GET /api
2025-04-23T13:03:57.017Z || GET /api || Status: 200 || 0ms
2025-04-23T13:03:57.018Z || GET /images/ghostbg.jpg
2025-04-23T13:03:57.018Z || GET /images/ghostbg.jpg || Status: 200 || 1ms
2025-04-23T13:05:34.845Z || GET /upload-sighting.html
2025-04-23T13:05:34.845Z || GET /upload-sighting.html || Status: 200 || 7ms
2025-04-23T13:05:34.876Z || GET /index.css
2025-04-23T13:05:34.877Z || GET /images/candle-logo.png
2025-04-23T13:05:34.876Z || GET /index.css || Status: 200 || 1ms
2025-04-23T13:05:34.878Z || GET /upload-sighting.js
2025-04-23T13:05:34.878Z || GET /index.js
2025-04-23T13:05:34.877Z || GET /images/candle-logo.png || Status: 200 || 2ms
2025-04-23T13:05:34.878Z || GET /upload-sighting.js || Status: 200 || 1ms
2025-04-23T13:05:34.881Z || GET /images/ghostbg.jpg
2025-04-23T13:05:34.878Z || GET /index.js || Status: 200 || 3ms
2025-04-23T13:05:34.883Z || GET /api
2025-04-23T13:05:34.881Z || GET /images/ghostbg.jpg || Status: 200 || 2ms
2025-04-23T13:05:34.883Z || GET /api || Status: 200 || 1ms
2025-04-23T13:52:52.236Z || GET /upload-sighting.html
2025-04-23T13:52:52.236Z || GET /upload-sighting.html || Status: 200 || 4ms
2025-04-23T13:52:52.303Z || GET /index.css
2025-04-23T13:52:52.305Z || GET /images/candle-logo.png
2025-04-23T13:52:52.306Z || GET /upload-sighting.js
2025-04-23T13:52:52.307Z || GET /index.js
2025-04-23T13:52:52.303Z || GET /index.css || Status: 200 || 4ms
2025-04-23T13:52:52.305Z || GET /images/candle-logo.png || Status: 200 || 3ms
2025-04-23T13:52:52.306Z || GET /upload-sighting.js || Status: 200 || 3ms
2025-04-23T13:52:52.307Z || GET /index.js || Status: 200 || 3ms
2025-04-23T13:52:52.316Z || GET /images/ghostbg.jpg
2025-04-23T13:52:52.316Z || GET /images/ghostbg.jpg || Status: 200 || 1ms
2025-04-23T13:52:52.333Z || GET /api
2025-04-23T13:52:52.333Z || GET /api || Status: 200 || 1ms
2025-04-23T13:54:28.040Z || GET /
2025-04-23T13:54:28.040Z || GET / || Status: 200 || 2ms
2025-04-23T13:54:28.065Z || GET /index.css
2025-04-23T13:54:28.067Z || GET /images/candle-logo.png
2025-04-23T13:54:28.068Z || GET /index.js
2025-04-23T13:54:28.065Z || GET /index.css || Status: 200 || 4ms
2025-04-23T13:54:28.067Z || GET /images/candle-logo.png || Status: 200 || 2ms
2025-04-23T13:54:28.068Z || GET /index.js || Status: 200 || 3ms
2025-04-23T13:54:28.075Z || GET /api
2025-04-23T13:54:28.075Z || GET /images/ghostbg.jpg
2025-04-23T13:54:28.075Z || GET /api || Status: 200 || 2ms
2025-04-23T13:54:28.075Z || GET /images/ghostbg.jpg || Status: 200 || 4ms
2025-04-23T13:54:51.727Z || GET /
2025-04-23T13:54:51.727Z || GET / || Status: 200 || 3ms
2025-04-23T13:54:51.751Z || GET /index.css
2025-04-23T13:54:51.752Z || GET /images/candle-logo.png
2025-04-23T13:54:51.753Z || GET /index.js
2025-04-23T13:54:51.751Z || GET /index.css || Status: 200 || 5ms
2025-04-23T13:54:51.752Z || GET /images/candle-logo.png || Status: 200 || 5ms
2025-04-23T13:54:51.753Z || GET /index.js || Status: 200 || 7ms
2025-04-23T13:54:51.763Z || GET /images/ghostbg.jpg
2025-04-23T13:54:51.763Z || GET /images/ghostbg.jpg || Status: 200 || 3ms
2025-04-23T13:54:51.767Z || GET /api
2025-04-23T13:54:51.767Z || GET /api || Status: 200 || 2ms
2025-04-23T13:55:14.052Z || GET /
2025-04-23T13:55:14.052Z || GET / || Status: 200 || 3ms
2025-04-23T13:55:14.066Z || GET /index.css
2025-04-23T13:55:14.066Z || GET /images/candle-logo.png
2025-04-23T13:55:14.067Z || GET /index.js
2025-04-23T13:55:14.066Z || GET /index.css || Status: 200 || 1ms
2025-04-23T13:55:14.067Z || GET /index.js || Status: 200 || 1ms
2025-04-23T13:55:14.066Z || GET /images/candle-logo.png || Status: 200 || 2ms
2025-04-23T13:55:14.070Z || GET /images/ghostbg.jpg
2025-04-23T13:55:14.071Z || GET /api
2025-04-23T13:55:14.070Z || GET /images/ghostbg.jpg || Status: 200 || 4ms
2025-04-23T13:55:14.071Z || GET /api || Status: 200 || 4ms
2025-04-23T13:55:28.426Z || GET /
2025-04-23T13:55:28.426Z || GET / || Status: 200 || 2ms
2025-04-23T13:55:28.439Z || GET /index.css
2025-04-23T13:55:28.439Z || GET /index.css || Status: 200 || 0ms
2025-04-23T13:55:28.441Z || GET /images/candle-logo.png
2025-04-23T13:55:28.441Z || GET /index.js
2025-04-23T13:55:28.441Z || GET /index.js || Status: 200 || 0ms
2025-04-23T13:55:28.441Z || GET /images/candle-logo.png || Status: 200 || 1ms
2025-04-23T13:55:28.444Z || GET /images/ghostbg.jpg
2025-04-23T13:55:28.444Z || GET /images/ghostbg.jpg || Status: 200 || 1ms
2025-04-23T13:55:28.446Z || GET /api
2025-04-23T13:55:28.446Z || GET /api || Status: 200 || 3ms
2025-04-23T13:55:44.446Z || GET /
2025-04-23T13:55:44.446Z || GET / || Status: 200 || 2ms
2025-04-23T13:55:44.467Z || GET /index.css
2025-04-23T13:55:44.468Z || GET /images/candle-logo.png
2025-04-23T13:55:44.467Z || GET /index.css || Status: 200 || 1ms
2025-04-23T13:55:44.469Z || GET /index.js
2025-04-23T13:55:44.468Z || GET /images/candle-logo.png || Status: 200 || 1ms
2025-04-23T13:55:44.469Z || GET /index.js || Status: 200 || 1ms
2025-04-23T13:55:44.470Z || GET /images/ghostbg.jpg
2025-04-23T13:55:44.472Z || GET /api
2025-04-23T13:55:44.470Z || GET /images/ghostbg.jpg || Status: 200 || 4ms
2025-04-23T13:55:44.472Z || GET /api || Status: 200 || 4ms
2025-04-23T14:33:16.249Z || GET /
2025-04-23T14:33:16.249Z || GET / || Status: 200 || 2ms
2025-04-23T14:33:16.268Z || GET /index.css
2025-04-23T14:33:16.268Z || GET /index.css || Status: 200 || 4ms
2025-04-23T14:33:16.276Z || GET /images/candle-logo.png
2025-04-23T14:33:16.276Z || GET /images/candle-logo.png || Status: 200 || 1ms
2025-04-23T14:33:16.277Z || GET /index.js
2025-04-23T14:33:16.277Z || GET /index.js || Status: 200 || 0ms
2025-04-23T14:33:16.335Z || GET /api
2025-04-23T14:33:16.336Z || GET /images/ghostbg.jpg
2025-04-23T14:33:16.335Z || GET /api || Status: 200 || 3ms
2025-04-23T14:33:16.336Z || GET /images/ghostbg.jpg || Status: 200 || 7ms
2025-04-23T14:33:17.562Z || GET /upload-sighting.html
2025-04-23T14:33:17.562Z || GET /upload-sighting.html || Status: 200 || 1ms
2025-04-23T14:33:17.574Z || GET /index.css
2025-04-23T14:33:17.574Z || GET /index.css || Status: 200 || 1ms
2025-04-23T14:33:17.576Z || GET /images/candle-logo.png
2025-04-23T14:33:17.577Z || GET /upload-sighting.js
2025-04-23T14:33:17.577Z || GET /index.js
2025-04-23T14:33:17.576Z || GET /images/candle-logo.png || Status: 200 || 2ms
2025-04-23T14:33:17.577Z || GET /index.js || Status: 200 || 1ms
2025-04-23T14:33:17.577Z || GET /upload-sighting.js || Status: 200 || 2ms
2025-04-23T14:33:17.581Z || GET /images/ghostbg.jpg
2025-04-23T14:33:17.581Z || GET /images/ghostbg.jpg || Status: 200 || 1ms
2025-04-23T14:33:17.588Z || GET /api
2025-04-23T14:33:17.588Z || GET /api || Status: 200 || 1ms
2025-04-23T14:42:59.114Z || GET /upload-sighting.html
2025-04-23T14:42:59.114Z || GET /upload-sighting.html || Status: 200 || 2ms
2025-04-23T14:42:59.131Z || GET /index.css
2025-04-23T14:42:59.132Z || GET /images/candle-logo.png
2025-04-23T14:42:59.133Z || GET /upload-sighting.js
2025-04-23T14:42:59.131Z || GET /index.css || Status: 200 || 2ms
2025-04-23T14:42:59.132Z || GET /images/candle-logo.png || Status: 200 || 1ms
2025-04-23T14:42:59.133Z || GET /upload-sighting.js || Status: 200 || 1ms
2025-04-23T14:42:59.137Z || GET /images/ghostbg.jpg
2025-04-23T14:42:59.137Z || GET /images/ghostbg.jpg || Status: 200 || 1ms
2025-04-23T14:43:00.522Z || GET /sightings.html
2025-04-23T14:43:00.522Z || GET /sightings.html || Status: 200 || 2ms
2025-04-23T14:43:00.546Z || GET /index.css
2025-04-23T14:43:00.546Z || GET /images/candle-logo.png
2025-04-23T14:43:00.547Z || GET /index.js
2025-04-23T14:43:00.546Z || GET /index.css || Status: 200 || 2ms
2025-04-23T14:43:00.546Z || GET /images/candle-logo.png || Status: 200 || 3ms
2025-04-23T14:43:00.547Z || GET /index.js || Status: 200 || 3ms
2025-04-23T14:43:00.553Z || GET /api
2025-04-23T14:43:00.554Z || GET /images/ghostbg.jpg
2025-04-23T14:43:00.553Z || GET /api || Status: 200 || 3ms
2025-04-23T14:43:00.554Z || GET /images/ghostbg.jpg || Status: 200 || 3ms
2025-04-23T14:47:36.610Z || GET /sightings.html
2025-04-23T14:47:36.610Z || GET /sightings.html || Status: 200 || 6ms
2025-04-23T14:47:36.644Z || GET /index.css
2025-04-23T14:47:36.644Z || GET /index.css || Status: 200 || 2ms
2025-04-23T14:47:36.647Z || GET /images/candle-logo.png
2025-04-23T14:47:36.648Z || GET /index.js
2025-04-23T14:47:36.648Z || GET /index.js || Status: 200 || 1ms
2025-04-23T14:47:36.647Z || GET /images/candle-logo.png || Status: 200 || 2ms
2025-04-23T14:47:36.651Z || GET /images/ghostbg.jpg
2025-04-23T14:47:36.651Z || GET /images/ghostbg.jpg || Status: 200 || 2ms
2025-04-23T14:47:36.655Z || GET /api
2025-04-23T14:47:36.655Z || GET /api || Status: 200 || 2ms
2025-04-23T14:49:25.557Z || GET /sightings.html
2025-04-23T14:49:25.557Z || GET /sightings.html || Status: 200 || 3ms
2025-04-23T14:49:25.574Z || GET /index.css
2025-04-23T14:49:25.575Z || GET /images/candle-logo.png
2025-04-23T14:49:25.577Z || GET /index.js
2025-04-23T14:49:25.574Z || GET /index.css || Status: 200 || 4ms
2025-04-23T14:49:25.577Z || GET /index.js || Status: 200 || 1ms
2025-04-23T14:49:25.575Z || GET /images/candle-logo.png || Status: 200 || 3ms
2025-04-23T14:49:25.581Z || GET /api
2025-04-23T14:49:25.583Z || GET /images/ghostbg.jpg
2025-04-23T14:49:25.581Z || GET /api || Status: 200 || 4ms
2025-04-23T14:49:25.583Z || GET /images/ghostbg.jpg || Status: 200 || 3ms
